28/11/2021, 9:02:49 - INFO - Req!!!
28/11/2021, 9:05:01 - INFO - Req!!!
28/11/2021, 9:05:10 - INFO - Req!!!
28/11/2021, 9:06:05 - INFO - Req!!!
28/11/2021, 9:07:29 - INFO - Req!!!
28/11/2021, 9:07:44 - INFO - Req!!!
28/11/2021, 9:07:59 - INFO - Req!!!
28/11/2021, 9:08:07 - INFO - Req!!!
28/11/2021, 9:08:18 - INFO - Req!!!
28/11/2021, 9:08:44 - INFO - Req!!!
28/11/2021, 9:23:32 - INFO - Req!!!
28/11/2021, 10:01:41 - INFO - Req!!!
28/11/2021, 10:02:07 - INFO - Req!!!
28/11/2021, 10:03:28 - INFO - Req!!!
28/11/2021, 10:03:33 - INFO - Req!!!
28/11/2021, 10:03:34 - INFO - Req!!!
28/11/2021, 10:03:34 - INFO - Req!!!
28/11/2021, 10:03:58 - INFO - Req!!!
28/11/2021, 10:04:30 - INFO - Req!!!
28/11/2021, 10:04:31 - INFO - Req!!!
28/11/2021, 10:04:32 - INFO - Req!!!
28/11/2021, 10:04:36 - INFO - Req!!!
28/11/2021, 10:04:37 - INFO - Req!!!
28/11/2021, 10:04:45 - INFO - Req!!!
28/11/2021, 10:04:45 - INFO - Req!!!
28/11/2021, 10:04:58 - INFO - Req!!!
28/11/2021, 10:05:05 - INFO - Req!!!
28/11/2021, 10:05:06 - INFO - Req!!!
28/11/2021, 10:05:21 - INFO - Req!!!
28/11/2021, 10:05:22 - INFO - Req!!!
28/11/2021, 10:05:40 - INFO - Req!!!
28/11/2021, 10:05:42 - INFO - Req!!!
28/11/2021, 10:05:43 - INFO - Req!!!
28/11/2021, 10:05:43 - INFO - Req!!!
28/11/2021, 10:05:45 - INFO - Req!!!
28/11/2021, 10:05:45 - INFO - Req!!!
28/11/2021, 10:05:45 - INFO - Req!!!
28/11/2021, 10:05:55 - INFO - Req!!!
28/11/2021, 10:05:57 - INFO - Req!!!
28/11/2021, 10:05:57 - INFO - Req!!!
28/11/2021, 10:05:57 - INFO - Req!!!
28/11/2021, 10:06:17 - INFO - Req!!!
28/11/2021, 10:06:58 - INFO - Req!!!
28/11/2021, 10:06:59 - INFO - Req!!!
28/11/2021, 10:06:59 - INFO - Req!!!
28/11/2021, 10:06:59 - INFO - Req!!!
28/11/2021, 10:06:59 - INFO - Req!!!
28/11/2021, 10:06:59 - INFO - Req!!!
28/11/2021, 10:06:59 - INFO - Req!!!
28/11/2021, 10:07:09 - INFO - Req!!!
28/11/2021, 10:07:09 - INFO - Req!!!
28/11/2021, 10:07:22 - INFO - Req!!!
28/11/2021, 10:07:23 - INFO - Req!!!
28/11/2021, 10:07:23 - INFO - Req!!!
28/11/2021, 10:07:24 - INFO - Req!!!
28/11/2021, 10:07:50 - INFO - Req!!!
28/11/2021, 10:07:50 - INFO - Req!!!
28/11/2021, 10:07:51 - INFO - Req!!!
28/11/2021, 10:07:52 - INFO - Req!!!
28/11/2021, 10:07:52 - INFO - Req!!!
28/11/2021, 10:07:53 - INFO - Req!!!
28/11/2021, 10:08:07 - INFO - Req!!!
28/11/2021, 10:08:08 - INFO - Req!!!
28/11/2021, 10:08:08 - INFO - Req!!!
28/11/2021, 10:08:09 - INFO - Req!!!
28/11/2021, 10:08:09 - INFO - Req!!!
28/11/2021, 10:08:09 - INFO - Req!!!
28/11/2021, 10:08:10 - INFO - Req!!!
28/11/2021, 10:08:17 - INFO - Req!!!
28/11/2021, 10:08:17 - INFO - Req!!!
28/11/2021, 10:08:18 - INFO - Req!!!
28/11/2021, 10:08:19 - INFO - Req!!!
28/11/2021, 10:08:30 - INFO - Req!!!
28/11/2021, 10:08:30 - INFO - Req!!!
28/11/2021, 10:08:31 - INFO - Req!!!
28/11/2021, 10:08:31 - INFO - Req!!!
28/11/2021, 10:08:32 - INFO - Req!!!
28/11/2021, 10:08:32 - INFO - Req!!!
28/11/2021, 10:08:33 - INFO - Req!!!
28/11/2021, 10:08:51 - INFO - Req!!!
28/11/2021, 10:08:51 - INFO - Req!!!
28/11/2021, 10:08:51 - INFO - Req!!!
28/11/2021, 10:08:52 - INFO - Req!!!
28/11/2021, 10:08:53 - INFO - Req!!!
28/11/2021, 10:08:56 - INFO - Req!!!
28/11/2021, 10:08:58 - INFO - Req!!!
28/11/2021, 10:11:28 - INFO - Req!!!
28/11/2021, 10:11:29 - INFO - Req!!!
28/11/2021, 10:11:32 - INFO - Req!!!
28/11/2021, 10:11:32 - INFO - Req!!!
28/11/2021, 10:14:48 - INFO - Req!!!
28/11/2021, 10:14:51 - INFO - Req!!!
28/11/2021, 10:14:52 - INFO - Req!!!
28/11/2021, 10:14:53 - INFO - Req!!!
28/11/2021, 10:14:59 - INFO - Req!!!
28/11/2021, 10:15:12 - INFO - Req!!!
28/11/2021, 10:15:13 - INFO - Req!!!
28/11/2021, 10:15:14 - INFO - Req!!!
28/11/2021, 10:15:14 - INFO - Req!!!
28/11/2021, 10:15:15 - INFO - Req!!!
28/11/2021, 10:15:15 - INFO - Req!!!
28/11/2021, 10:15:16 - INFO - Req!!!
28/11/2021, 10:15:17 - INFO - Req!!!
28/11/2021, 10:15:17 - INFO - Req!!!
28/11/2021, 10:15:17 - INFO - Req!!!
28/11/2021, 10:15:18 - INFO - Req!!!
28/11/2021, 10:15:18 - INFO - Req!!!
28/11/2021, 10:15:18 - INFO - Req!!!
28/11/2021, 10:15:19 - INFO - Req!!!
28/11/2021, 10:15:19 - INFO - Req!!!
28/11/2021, 10:15:20 - INFO - Req!!!
28/11/2021, 10:15:20 - INFO - Req!!!
28/11/2021, 10:15:21 - INFO - Req!!!
28/11/2021, 10:15:22 - INFO - Req!!!
28/11/2021, 10:15:23 - INFO - Req!!!
28/11/2021, 10:15:24 - INFO - Req!!!
28/11/2021, 10:16:34 - INFO - Req!!!
28/11/2021, 10:31:11 - INFO - Req!!!
28/11/2021, 10:44:40 - DEBUG - auth.service - login with username: muki123
28/11/2021, 10:47:59 - INFO - Req!!!
28/11/2021, 10:48:47 - DEBUG - auth.service - login with username: muki123
28/11/2021, 10:48:47 - INFO - Req!!!
28/11/2021, 10:48:47 - INFO - Req from: muki pukevich
28/11/2021, 10:49:17 - INFO - Req!!!
28/11/2021, 10:49:21 - INFO - Req!!!
28/11/2021, 10:49:23 - INFO - Req!!!
28/11/2021, 10:49:23 - INFO - Req!!!
28/11/2021, 10:49:25 - INFO - Req!!!
28/11/2021, 10:49:27 - INFO - Req!!!
28/11/2021, 10:49:29 - INFO - Req!!!
28/11/2021, 10:49:30 - INFO - Req!!!
28/11/2021, 10:49:31 - INFO - Req!!!
28/11/2021, 10:49:33 - INFO - Req!!!
28/11/2021, 10:49:34 - INFO - Req!!!
28/11/2021, 11:10:00 - INFO - Req!!!
28/11/2021, 11:10:12 - INFO - Req!!!
28/11/2021, 11:10:31 - INFO - Req!!!
28/11/2021, 11:10:49 - INFO - Req!!!
28/11/2021, 11:10:51 - INFO - Req!!!
28/11/2021, 11:12:08 - INFO - Req!!!
28/11/2021, 11:12:10 - INFO - Req!!!
28/11/2021, 11:12:17 - INFO - Req!!!
28/11/2021, 11:12:51 - INFO - Req!!!
28/11/2021, 11:13:20 - INFO - Req!!!
28/11/2021, 11:13:45 - INFO - Req!!!
28/11/2021, 11:13:46 - INFO - Req!!!
28/11/2021, 11:13:46 - INFO - Req!!!
28/11/2021, 11:13:46 - INFO - Req!!!
28/11/2021, 11:13:47 - INFO - Req!!!
28/11/2021, 11:13:47 - INFO - Req!!!
28/11/2021, 11:13:49 - INFO - Req!!!
28/11/2021, 11:15:26 - INFO - Req!!!
28/11/2021, 11:15:27 - INFO - Req!!!
28/11/2021, 11:15:28 - INFO - Req!!!
28/11/2021, 11:15:56 - INFO - Req!!!
28/11/2021, 11:15:57 - INFO - Req!!!
28/11/2021, 11:15:58 - INFO - Req!!!
28/11/2021, 11:15:58 - INFO - Req!!!
28/11/2021, 11:15:59 - INFO - Req!!!
28/11/2021, 11:15:59 - INFO - Req!!!
28/11/2021, 11:15:59 - INFO - Req!!!
28/11/2021, 11:15:59 - INFO - Req!!!
28/11/2021, 11:15:59 - INFO - Req!!!
28/11/2021, 11:15:59 - INFO - Req!!!
28/11/2021, 11:15:59 - INFO - Req!!!
28/11/2021, 11:15:59 - INFO - Req!!!
28/11/2021, 11:15:59 - INFO - Req!!!
28/11/2021, 11:15:59 - INFO - Req!!!
28/11/2021, 11:15:59 - INFO - Req!!!
28/11/2021, 11:16:00 - INFO - Req!!!
28/11/2021, 11:16:00 - INFO - Req!!!
28/11/2021, 11:16:00 - INFO - Req!!!
28/11/2021, 11:16:10 - INFO - Req!!!
28/11/2021, 11:16:10 - INFO - Req!!!
28/11/2021, 11:16:11 - INFO - Req!!!
28/11/2021, 11:16:12 - INFO - Req!!!
28/11/2021, 11:16:12 - INFO - Req!!!
28/11/2021, 11:16:14 - INFO - Req!!!
28/11/2021, 11:16:15 - INFO - Req!!!
28/11/2021, 11:16:16 - INFO - Req!!!
28/11/2021, 11:16:16 - INFO - Req!!!
28/11/2021, 11:16:17 - INFO - Req!!!
28/11/2021, 15:11:54 - INFO - Req!!!
28/11/2021, 15:12:55 - INFO - Req!!!
28/11/2021, 15:13:04 - INFO - Req!!!
28/11/2021, 15:14:13 - INFO - Req!!!
28/11/2021, 15:17:58 - INFO - Req!!!
28/11/2021, 15:18:34 - INFO - Req!!!
28/11/2021, 15:23:12 - INFO - Req!!!
28/11/2021, 15:23:24 - INFO - Req!!!
28/11/2021, 15:23:45 - INFO - Req!!!
28/11/2021, 15:46:13 - INFO - Req!!!
28/11/2021, 15:47:10 - INFO - Req!!!
28/11/2021, 15:48:37 - INFO - Req!!!
28/11/2021, 15:51:22 - INFO - Req!!!
28/11/2021, 15:53:52 - INFO - Req!!!
28/11/2021, 15:54:12 - INFO - Req!!!
28/11/2021, 15:55:00 - INFO - Req!!!
28/11/2021, 15:55:05 - INFO - Req!!!
28/11/2021, 15:56:05 - INFO - Req!!!
28/11/2021, 15:56:31 - INFO - Req!!!
28/11/2021, 15:56:50 - INFO - Req!!!
28/11/2021, 15:57:16 - INFO - Req!!!
28/11/2021, 15:57:16 - INFO - Req!!!
28/11/2021, 15:57:23 - INFO - Req!!!
28/11/2021, 15:58:23 - INFO - Req!!!
28/11/2021, 15:58:29 - INFO - Req!!!
28/11/2021, 15:59:02 - INFO - Req!!!
28/11/2021, 15:59:23 - INFO - Req!!!
28/11/2021, 15:59:53 - INFO - Req!!!
28/11/2021, 16:00:10 - INFO - Req!!!
28/11/2021, 16:00:52 - INFO - Req!!!
28/11/2021, 16:01:03 - INFO - Req!!!
28/11/2021, 16:02:10 - INFO - Req!!!
28/11/2021, 16:02:23 - INFO - Req!!!
28/11/2021, 16:02:47 - INFO - Req!!!
28/11/2021, 16:43:40 - INFO - Req!!!
28/11/2021, 16:44:17 - INFO - Req!!!
28/11/2021, 16:44:39 - INFO - Req!!!
28/11/2021, 16:45:31 - INFO - Req!!!
28/11/2021, 16:45:49 - INFO - Req!!!
28/11/2021, 16:46:42 - INFO - Req!!!
28/11/2021, 16:48:05 - INFO - Req!!!
28/11/2021, 16:48:20 - INFO - Req!!!
28/11/2021, 16:49:42 - INFO - Req!!!
28/11/2021, 16:50:23 - INFO - Req!!!
28/11/2021, 16:50:40 - INFO - Req!!!
28/11/2021, 16:50:43 - INFO - Req!!!
28/11/2021, 16:52:17 - INFO - Req!!!
28/11/2021, 16:52:24 - INFO - Req!!!
28/11/2021, 16:52:36 - INFO - Req!!!
28/11/2021, 16:54:15 - INFO - Req!!!
28/11/2021, 16:54:22 - INFO - Req!!!
28/11/2021, 16:54:50 - INFO - Req!!!
28/11/2021, 16:55:14 - INFO - Req!!!
28/11/2021, 16:55:40 - INFO - Req!!!
28/11/2021, 16:55:42 - INFO - Req!!!
28/11/2021, 16:56:38 - INFO - Req!!!
28/11/2021, 16:57:00 - INFO - Req!!!
28/11/2021, 16:57:20 - INFO - Req!!!
28/11/2021, 16:57:41 - INFO - Req!!!
28/11/2021, 16:57:57 - INFO - Req!!!
28/11/2021, 16:59:04 - INFO - Req!!!
28/11/2021, 17:01:27 - INFO - Req!!!
28/11/2021, 17:01:44 - INFO - Req!!!
28/11/2021, 17:01:55 - INFO - Req!!!
28/11/2021, 17:01:55 - INFO - Req!!!
28/11/2021, 17:01:56 - INFO - Req!!!
28/11/2021, 17:02:10 - INFO - Req!!!
28/11/2021, 17:02:11 - INFO - Req!!!
28/11/2021, 17:02:12 - INFO - Req!!!
28/11/2021, 17:02:13 - INFO - Req!!!
28/11/2021, 17:02:32 - INFO - Req!!!
28/11/2021, 17:02:34 - INFO - Req!!!
28/11/2021, 17:02:50 - INFO - Req!!!
28/11/2021, 17:02:51 - INFO - Req!!!
28/11/2021, 17:02:59 - INFO - Req!!!
28/11/2021, 17:03:09 - INFO - Req!!!
28/11/2021, 17:03:23 - INFO - Req!!!
28/11/2021, 17:03:27 - INFO - Req!!!
28/11/2021, 17:03:42 - INFO - Req!!!
28/11/2021, 17:04:30 - INFO - Req!!!
28/11/2021, 17:05:06 - INFO - Req!!!
28/11/2021, 17:05:32 - INFO - Req!!!
28/11/2021, 17:06:48 - INFO - Req!!!
28/11/2021, 17:06:54 - INFO - Req!!!
28/11/2021, 17:07:50 - INFO - Req!!!
28/11/2021, 17:08:06 - INFO - Req!!!
28/11/2021, 17:08:21 - INFO - Req!!!
28/11/2021, 17:08:51 - INFO - Req!!!
28/11/2021, 17:09:40 - INFO - Req!!!
28/11/2021, 17:09:42 - INFO - Req!!!
28/11/2021, 17:09:42 - INFO - Req!!!
28/11/2021, 17:09:43 - INFO - Req!!!
28/11/2021, 17:10:07 - INFO - Req!!!
28/11/2021, 17:10:09 - INFO - Req!!!
28/11/2021, 17:10:30 - INFO - Req!!!
28/11/2021, 17:10:33 - INFO - Req!!!
28/11/2021, 17:10:37 - INFO - Req!!!
28/11/2021, 17:10:39 - INFO - Req!!!
28/11/2021, 17:10:41 - INFO - Req!!!
28/11/2021, 17:10:42 - INFO - Req!!!
28/11/2021, 17:10:43 - INFO - Req!!!
28/11/2021, 17:10:43 - INFO - Req!!!
28/11/2021, 17:10:56 - INFO - Req!!!
28/11/2021, 17:11:02 - INFO - Req!!!
28/11/2021, 17:11:06 - INFO - Req!!!
28/11/2021, 17:11:08 - INFO - Req!!!
28/11/2021, 17:11:09 - INFO - Req!!!
28/11/2021, 17:11:44 - INFO - Req!!!
28/11/2021, 17:11:45 - INFO - Req!!!
28/11/2021, 17:11:47 - INFO - Req!!!
28/11/2021, 17:11:55 - INFO - Req!!!
28/11/2021, 17:11:59 - INFO - Req!!!
28/11/2021, 17:12:01 - INFO - Req!!!
28/11/2021, 17:12:10 - INFO - Req!!!
28/11/2021, 17:12:17 - INFO - Req!!!
28/11/2021, 17:12:19 - INFO - Req!!!
28/11/2021, 17:12:20 - INFO - Req!!!
28/11/2021, 17:12:27 - INFO - Req!!!
28/11/2021, 17:12:58 - INFO - Req!!!
28/11/2021, 17:13:16 - INFO - Req!!!
28/11/2021, 17:13:18 - INFO - Req!!!
28/11/2021, 17:13:26 - INFO - Req!!!
28/11/2021, 17:13:27 - INFO - Req!!!
28/11/2021, 17:13:47 - INFO - Req!!!
28/11/2021, 17:13:59 - INFO - Req!!!
28/11/2021, 17:14:02 - INFO - Req!!!
28/11/2021, 17:14:27 - INFO - Req!!!
28/11/2021, 17:14:30 - INFO - Req!!!
28/11/2021, 17:14:34 - INFO - Req!!!
28/11/2021, 17:14:42 - INFO - Req!!!
28/11/2021, 17:14:45 - INFO - Req!!!
28/11/2021, 17:15:17 - INFO - Req!!!
28/11/2021, 17:16:41 - INFO - Req!!!
28/11/2021, 17:16:53 - INFO - Req!!!
28/11/2021, 17:16:53 - INFO - Req!!!
28/11/2021, 17:18:29 - INFO - Req!!!
28/11/2021, 17:18:33 - INFO - Req!!!
28/11/2021, 17:18:35 - INFO - Req!!!
28/11/2021, 17:18:59 - INFO - Req!!!
28/11/2021, 17:19:05 - INFO - Req!!!
28/11/2021, 17:19:28 - INFO - Req!!!
28/11/2021, 17:19:33 - INFO - Req!!!
28/11/2021, 17:19:38 - INFO - Req!!!
28/11/2021, 17:19:42 - INFO - Req!!!
28/11/2021, 17:19:42 - INFO - Req!!!
28/11/2021, 17:19:43 - INFO - Req!!!
28/11/2021, 17:21:57 - INFO - Req!!!
28/11/2021, 17:22:45 - INFO - Req!!!
28/11/2021, 17:23:45 - INFO - Req!!!
28/11/2021, 17:23:46 - INFO - Req!!!
28/11/2021, 17:23:59 - INFO - Req!!!
28/11/2021, 17:24:00 - INFO - Req!!!
28/11/2021, 17:24:02 - INFO - Req!!!
28/11/2021, 17:26:19 - INFO - Req!!!
28/11/2021, 17:26:19 - ERROR - cannot find toys | {}
28/11/2021, 17:26:19 - ERROR - Failed to get toys | {}
28/11/2021, 17:29:08 - INFO - Req!!!
28/11/2021, 17:29:08 - ERROR - cannot find toys | {}
28/11/2021, 17:29:08 - ERROR - Failed to get toys | {}
28/11/2021, 17:29:46 - INFO - Req!!!
28/11/2021, 17:29:46 - ERROR - cannot find toys | {}
28/11/2021, 17:29:46 - ERROR - Failed to get toys | {}
28/11/2021, 17:30:02 - INFO - Req!!!
28/11/2021, 17:30:02 - ERROR - Failed to get toys | {}
28/11/2021, 17:30:24 - INFO - Req!!!
28/11/2021, 17:30:24 - ERROR - Failed to get toys | {}
28/11/2021, 17:30:57 - INFO - Req!!!
28/11/2021, 17:30:57 - ERROR - Failed to get toys | {}
28/11/2021, 17:36:42 - INFO - Req!!!
28/11/2021, 17:36:42 - ERROR - Failed to get toys | {}
28/11/2021, 17:36:59 - INFO - Req!!!
28/11/2021, 17:36:59 - ERROR - Failed to get toys | {}
28/11/2021, 17:37:40 - INFO - Req!!!
28/11/2021, 17:37:40 - ERROR - Failed to get toys | {}
28/11/2021, 17:39:15 - INFO - Req!!!
28/11/2021, 17:39:44 - INFO - Req!!!
28/11/2021, 17:40:35 - INFO - Req!!!
28/11/2021, 17:41:28 - INFO - Req!!!
28/11/2021, 17:42:42 - INFO - Req!!!
28/11/2021, 17:42:51 - INFO - Req!!!
28/11/2021, 17:43:17 - INFO - Req!!!
28/11/2021, 17:43:39 - INFO - Req!!!
28/11/2021, 17:43:53 - INFO - Req!!!
28/11/2021, 17:44:20 - INFO - Req!!!
28/11/2021, 17:44:28 - INFO - Req!!!
28/11/2021, 17:44:48 - INFO - Req!!!
28/11/2021, 17:45:09 - INFO - Req!!!
28/11/2021, 17:45:30 - INFO - Req!!!
28/11/2021, 17:45:44 - INFO - Req!!!
28/11/2021, 17:46:12 - INFO - Req!!!
28/11/2021, 17:46:46 - INFO - Req!!!
28/11/2021, 17:47:12 - INFO - Req!!!
28/11/2021, 17:47:12 - ERROR - cannot find toys | {}
28/11/2021, 17:47:12 - ERROR - Failed to get toys | {}
28/11/2021, 17:47:23 - INFO - Req!!!
28/11/2021, 17:47:23 - ERROR - cannot find toys | {}
28/11/2021, 17:47:23 - ERROR - Failed to get toys | {}
28/11/2021, 17:47:36 - INFO - Req!!!
28/11/2021, 17:47:36 - ERROR - cannot find toys | {}
28/11/2021, 17:47:36 - ERROR - Failed to get toys | {}
28/11/2021, 18:24:16 - INFO - Req!!!
28/11/2021, 18:24:16 - ERROR - cannot find toys | {}
28/11/2021, 18:24:16 - ERROR - Failed to get toys | {}
28/11/2021, 18:25:06 - INFO - Req!!!
28/11/2021, 18:25:06 - ERROR - cannot find toys | {}
28/11/2021, 18:25:06 - ERROR - Failed to get toys | {}
28/11/2021, 18:25:38 - INFO - Req!!!
28/11/2021, 18:25:38 - ERROR - Failed to get toys | {}
28/11/2021, 18:26:18 - INFO - Req!!!
28/11/2021, 18:26:18 - ERROR - cannot find toys | {}
28/11/2021, 18:26:18 - ERROR - Failed to get toys | {}
28/11/2021, 18:26:34 - INFO - Req!!!
28/11/2021, 18:27:19 - INFO - Req!!!
28/11/2021, 18:27:28 - INFO - Req!!!
28/11/2021, 18:28:23 - INFO - Req!!!
28/11/2021, 18:28:26 - INFO - Req!!!
28/11/2021, 18:28:44 - INFO - Req!!!
28/11/2021, 18:28:46 - INFO - Req!!!
28/11/2021, 18:28:46 - INFO - Req!!!
28/11/2021, 18:29:29 - INFO - Req!!!
28/11/2021, 18:29:31 - INFO - Req!!!
28/11/2021, 18:29:31 - INFO - Req!!!
28/11/2021, 18:29:31 - INFO - Req!!!
28/11/2021, 18:29:32 - INFO - Req!!!
28/11/2021, 18:29:33 - INFO - Req!!!
28/11/2021, 18:29:34 - INFO - Req!!!
28/11/2021, 18:29:39 - INFO - Req!!!
28/11/2021, 18:29:40 - INFO - Req!!!
28/11/2021, 18:29:41 - INFO - Req!!!
28/11/2021, 18:31:02 - INFO - Req!!!
28/11/2021, 18:31:25 - INFO - Req!!!
28/11/2021, 18:33:55 - INFO - Req!!!
28/11/2021, 18:34:29 - INFO - Req!!!
28/11/2021, 18:34:34 - INFO - Req!!!
28/11/2021, 18:34:35 - INFO - Req!!!
28/11/2021, 18:34:36 - INFO - Req!!!
28/11/2021, 18:35:01 - INFO - Req!!!
28/11/2021, 18:35:01 - ERROR - cannot find toys | {}
28/11/2021, 18:35:01 - ERROR - Failed to get toys | {}
28/11/2021, 18:35:24 - INFO - Req!!!
28/11/2021, 18:35:24 - ERROR - cannot find toys | {}
28/11/2021, 18:35:24 - ERROR - Failed to get toys | {}
28/11/2021, 18:35:56 - INFO - Req!!!
28/11/2021, 18:35:56 - ERROR - cannot find toys | {}
28/11/2021, 18:35:56 - ERROR - Failed to get toys | {}
28/11/2021, 18:36:09 - INFO - Req!!!
28/11/2021, 18:36:28 - INFO - Req!!!
28/11/2021, 18:36:51 - INFO - Req!!!
28/11/2021, 18:37:24 - INFO - Req!!!
28/11/2021, 18:37:24 - ERROR - cannot find toys | {}
28/11/2021, 18:37:24 - ERROR - Failed to get toys | {}
28/11/2021, 18:37:51 - INFO - Req!!!
28/11/2021, 18:37:51 - ERROR - cannot find toys | {}
28/11/2021, 18:37:51 - ERROR - Failed to get toys | {}
28/11/2021, 18:38:36 - INFO - Req!!!
28/11/2021, 18:38:36 - ERROR - cannot find toys | {}
28/11/2021, 18:38:36 - ERROR - Failed to get toys | {}
28/11/2021, 18:38:44 - INFO - Req!!!
28/11/2021, 18:38:44 - ERROR - cannot find toys | {}
28/11/2021, 18:38:44 - ERROR - Failed to get toys | {}
28/11/2021, 18:39:06 - INFO - Req!!!
28/11/2021, 18:39:06 - ERROR - Failed to get toys | {}
28/11/2021, 18:39:18 - INFO - Req!!!
28/11/2021, 18:39:18 - ERROR - cannot find toys | {}
28/11/2021, 18:39:18 - ERROR - Failed to get toys | {}
28/11/2021, 18:39:41 - INFO - Req!!!
28/11/2021, 18:39:41 - ERROR - cannot find toys | {}
28/11/2021, 18:39:41 - ERROR - Failed to get toys | {}
28/11/2021, 18:39:53 - INFO - Req!!!
28/11/2021, 18:39:53 - ERROR - cannot find toys | {}
28/11/2021, 18:39:53 - ERROR - Failed to get toys | {}
28/11/2021, 18:40:21 - INFO - Req!!!
28/11/2021, 18:40:21 - ERROR - cannot find toys | {}
28/11/2021, 18:40:21 - ERROR - Failed to get toys | {}
28/11/2021, 18:40:43 - INFO - Req!!!
28/11/2021, 18:40:43 - ERROR - cannot find toys | {}
28/11/2021, 18:40:43 - ERROR - Failed to get toys | {}
28/11/2021, 18:40:51 - INFO - Req!!!
28/11/2021, 18:40:52 - ERROR - cannot find toys | {}
28/11/2021, 18:40:52 - ERROR - Failed to get toys | {}
28/11/2021, 18:41:03 - INFO - Req!!!
28/11/2021, 18:41:04 - ERROR - cannot find toys | {}
28/11/2021, 18:41:04 - ERROR - Failed to get toys | {}
28/11/2021, 18:41:37 - INFO - Req!!!
28/11/2021, 18:41:37 - ERROR - cannot find toys | {}
28/11/2021, 18:41:37 - ERROR - Failed to get toys | {}
28/11/2021, 18:41:52 - INFO - Req!!!
28/11/2021, 18:41:52 - ERROR - cannot find toys | {}
28/11/2021, 18:41:52 - ERROR - Failed to get toys | {}
28/11/2021, 18:42:33 - INFO - Req!!!
28/11/2021, 18:42:34 - ERROR - cannot find toys | {}
28/11/2021, 18:42:34 - ERROR - Failed to get toys | {}
28/11/2021, 18:42:49 - INFO - Req!!!
28/11/2021, 18:42:51 - INFO - Req!!!
28/11/2021, 18:42:52 - INFO - Req!!!
28/11/2021, 18:42:53 - INFO - Req!!!
28/11/2021, 18:42:53 - INFO - Req!!!
28/11/2021, 18:44:27 - INFO - Req!!!
28/11/2021, 18:44:32 - INFO - Req!!!
28/11/2021, 18:45:24 - INFO - Req!!!
28/11/2021, 18:45:24 - ERROR - cannot find toys | {}
28/11/2021, 18:45:24 - ERROR - Failed to get toys | {}
28/11/2021, 18:45:28 - INFO - Req!!!
28/11/2021, 18:45:28 - ERROR - cannot find toys | {}
28/11/2021, 18:45:28 - ERROR - Failed to get toys | {}
28/11/2021, 18:46:05 - INFO - Req!!!
28/11/2021, 18:46:08 - INFO - Req!!!
28/11/2021, 18:46:10 - INFO - Req!!!
28/11/2021, 18:46:10 - INFO - Req!!!
28/11/2021, 18:46:14 - INFO - Req!!!
28/11/2021, 18:46:15 - INFO - Req!!!
28/11/2021, 18:46:18 - INFO - Req!!!
28/11/2021, 18:46:22 - INFO - Req!!!
28/11/2021, 18:46:24 - INFO - Req!!!
28/11/2021, 18:46:24 - INFO - Req!!!
28/11/2021, 18:46:25 - INFO - Req!!!
28/11/2021, 18:46:26 - INFO - Req!!!
28/11/2021, 18:46:27 - INFO - Req!!!
28/11/2021, 18:46:39 - INFO - Req!!!
28/11/2021, 18:46:41 - INFO - Req!!!
28/11/2021, 18:46:42 - INFO - Req!!!
28/11/2021, 18:46:46 - INFO - Req!!!
28/11/2021, 18:46:47 - INFO - Req!!!
28/11/2021, 18:47:00 - INFO - Req!!!
28/11/2021, 18:47:01 - INFO - Req!!!
28/11/2021, 18:47:02 - INFO - Req!!!
28/11/2021, 18:47:03 - INFO - Req!!!
28/11/2021, 18:47:14 - INFO - Req!!!
28/11/2021, 18:47:49 - INFO - Req!!!
28/11/2021, 18:47:52 - INFO - Req!!!
28/11/2021, 18:47:54 - INFO - Req!!!
28/11/2021, 18:48:05 - INFO - Req!!!
28/11/2021, 18:48:08 - INFO - Req!!!
28/11/2021, 18:48:15 - INFO - Req!!!
28/11/2021, 18:49:09 - INFO - Req!!!
28/11/2021, 18:49:09 - ERROR - cannot find toys | {}
28/11/2021, 18:49:09 - ERROR - Failed to get toys | {}
28/11/2021, 18:49:28 - INFO - Req!!!
28/11/2021, 18:49:28 - ERROR - cannot find toys | {}
28/11/2021, 18:49:28 - ERROR - Failed to get toys | {}
28/11/2021, 18:49:47 - INFO - Req!!!
28/11/2021, 18:49:47 - ERROR - cannot find toys | {}
28/11/2021, 18:49:47 - ERROR - Failed to get toys | {}
28/11/2021, 18:50:02 - INFO - Req!!!
28/11/2021, 18:50:03 - ERROR - cannot find toys | {}
28/11/2021, 18:50:03 - ERROR - Failed to get toys | {}
28/11/2021, 18:50:18 - INFO - Req!!!
28/11/2021, 18:50:18 - ERROR - cannot find toys | {}
28/11/2021, 18:50:18 - ERROR - Failed to get toys | {}
28/11/2021, 18:50:28 - INFO - Req!!!
28/11/2021, 18:50:28 - ERROR - cannot find toys | {}
28/11/2021, 18:50:28 - ERROR - Failed to get toys | {}
28/11/2021, 18:50:33 - INFO - Req!!!
28/11/2021, 18:50:33 - ERROR - cannot find toys | {}
28/11/2021, 18:50:33 - ERROR - Failed to get toys | {}
28/11/2021, 18:50:48 - INFO - Req!!!
28/11/2021, 18:50:48 - ERROR - cannot find toys | {}
28/11/2021, 18:50:48 - ERROR - Failed to get toys | {}
28/11/2021, 18:51:29 - INFO - Req!!!
28/11/2021, 18:51:30 - ERROR - cannot find toys | {}
28/11/2021, 18:51:30 - ERROR - Failed to get toys | {}
28/11/2021, 18:51:49 - INFO - Req!!!
28/11/2021, 18:51:49 - ERROR - cannot find toys | {}
28/11/2021, 18:51:49 - ERROR - Failed to get toys | {}
28/11/2021, 18:52:11 - INFO - Req!!!
28/11/2021, 18:52:11 - ERROR - cannot find toys | {}
28/11/2021, 18:52:11 - ERROR - Failed to get toys | {}
28/11/2021, 18:52:20 - INFO - Req!!!
28/11/2021, 18:52:57 - INFO - Req!!!
28/11/2021, 18:53:13 - INFO - Req!!!
28/11/2021, 18:53:24 - INFO - Req!!!
28/11/2021, 18:53:42 - INFO - Req!!!
28/11/2021, 18:53:42 - ERROR - cannot find toys | {}
28/11/2021, 18:53:42 - ERROR - Failed to get toys | {}
28/11/2021, 18:54:03 - INFO - Req!!!
28/11/2021, 18:54:44 - INFO - Req!!!
28/11/2021, 18:55:07 - INFO - Req!!!
28/11/2021, 18:55:08 - ERROR - cannot find toys | {}
28/11/2021, 18:55:08 - ERROR - Failed to get toys | {}
28/11/2021, 18:55:18 - INFO - Req!!!
28/11/2021, 18:55:30 - INFO - Req!!!
28/11/2021, 18:55:44 - INFO - Req!!!
28/11/2021, 18:56:20 - INFO - Req!!!
28/11/2021, 18:56:31 - INFO - Req!!!
28/11/2021, 18:56:34 - INFO - Req!!!
28/11/2021, 18:56:36 - INFO - Req!!!
28/11/2021, 18:56:50 - INFO - Req!!!
28/11/2021, 18:57:16 - INFO - Req!!!
28/11/2021, 18:57:39 - INFO - Req!!!
28/11/2021, 18:58:04 - INFO - Req!!!
28/11/2021, 18:58:51 - INFO - Req!!!
28/11/2021, 19:00:03 - INFO - Req!!!
28/11/2021, 19:02:01 - INFO - Req!!!
28/11/2021, 19:02:07 - INFO - Req!!!
28/11/2021, 19:02:07 - INFO - Req!!!
28/11/2021, 19:02:08 - INFO - Req!!!
28/11/2021, 19:03:18 - INFO - Req!!!
28/11/2021, 19:03:26 - INFO - Req!!!
28/11/2021, 19:03:46 - INFO - Req!!!
28/11/2021, 19:04:19 - INFO - Req!!!
28/11/2021, 19:04:22 - INFO - Req!!!
28/11/2021, 19:04:23 - INFO - Req!!!
28/11/2021, 19:04:28 - INFO - Req!!!
28/11/2021, 19:05:48 - INFO - Req!!!
28/11/2021, 19:05:48 - ERROR - cannot find toys | {}
28/11/2021, 19:05:48 - ERROR - Failed to get toys | {}
28/11/2021, 19:05:56 - INFO - Req!!!
28/11/2021, 19:06:50 - INFO - Req!!!
28/11/2021, 19:06:50 - ERROR - cannot find toys | {}
28/11/2021, 19:06:50 - ERROR - Failed to get toys | {}
28/11/2021, 19:07:02 - INFO - Req!!!
28/11/2021, 19:14:37 - INFO - Req!!!
28/11/2021, 19:14:44 - INFO - Req!!!
28/11/2021, 19:14:56 - INFO - Req!!!
28/11/2021, 19:16:47 - INFO - Req!!!
28/11/2021, 19:17:33 - INFO - Req!!!
28/11/2021, 19:18:03 - INFO - Req!!!
28/11/2021, 19:18:16 - INFO - Req!!!
28/11/2021, 19:18:23 - INFO - Req!!!
28/11/2021, 19:18:23 - ERROR - cannot find toys | {}
28/11/2021, 19:18:23 - ERROR - Failed to get toys | {}
28/11/2021, 19:18:34 - INFO - Req!!!
28/11/2021, 19:18:34 - ERROR - cannot find toys | {}
28/11/2021, 19:18:34 - ERROR - Failed to get toys | {}
28/11/2021, 19:18:51 - INFO - Req!!!
28/11/2021, 19:19:03 - INFO - Req!!!
28/11/2021, 19:19:16 - INFO - Req!!!
28/11/2021, 19:19:26 - INFO - Req!!!
28/11/2021, 19:19:33 - INFO - Req!!!
28/11/2021, 19:19:41 - INFO - Req!!!
28/11/2021, 19:19:41 - ERROR - cannot find toys | {}
28/11/2021, 19:19:41 - ERROR - Failed to get toys | {}
28/11/2021, 19:20:22 - INFO - Req!!!
28/11/2021, 19:20:46 - INFO - Req!!!
28/11/2021, 19:21:29 - INFO - Req!!!
28/11/2021, 19:21:57 - INFO - Req!!!
28/11/2021, 19:22:08 - INFO - Req!!!
28/11/2021, 19:22:10 - INFO - Req!!!
28/11/2021, 19:23:06 - INFO - Req!!!
28/11/2021, 19:24:14 - INFO - Req!!!
28/11/2021, 19:24:57 - INFO - Req!!!
28/11/2021, 19:25:01 - INFO - Req!!!
28/11/2021, 19:25:19 - INFO - Req!!!
28/11/2021, 19:25:51 - INFO - Req!!!
28/11/2021, 19:26:20 - INFO - Req!!!
28/11/2021, 19:26:52 - INFO - Req!!!
28/11/2021, 19:27:07 - INFO - Req!!!
28/11/2021, 19:27:23 - INFO - Req!!!
28/11/2021, 19:27:40 - INFO - Req!!!
28/11/2021, 19:28:11 - INFO - Req!!!
28/11/2021, 19:28:26 - INFO - Req!!!
28/11/2021, 19:28:39 - INFO - Req!!!
28/11/2021, 19:28:59 - INFO - Req!!!
28/11/2021, 19:29:02 - INFO - Req!!!
28/11/2021, 19:29:20 - INFO - Req!!!
28/11/2021, 19:29:24 - INFO - Req!!!
28/11/2021, 19:29:25 - INFO - Req!!!
28/11/2021, 19:29:26 - INFO - Req!!!
28/11/2021, 19:29:30 - INFO - Req!!!
28/11/2021, 19:29:30 - INFO - Req!!!
28/11/2021, 19:29:56 - INFO - Req!!!
28/11/2021, 19:29:57 - INFO - Req!!!
28/11/2021, 19:29:59 - INFO - Req!!!
28/11/2021, 19:30:04 - INFO - Req!!!
28/11/2021, 19:30:05 - INFO - Req!!!
28/11/2021, 19:30:14 - INFO - Req!!!
28/11/2021, 19:30:49 - INFO - Req!!!
28/11/2021, 19:31:00 - INFO - Req!!!
28/11/2021, 19:31:15 - INFO - Req!!!
28/11/2021, 19:31:16 - INFO - Req!!!
28/11/2021, 19:31:17 - INFO - Req!!!
28/11/2021, 19:31:18 - INFO - Req!!!
28/11/2021, 19:31:18 - INFO - Req!!!
28/11/2021, 19:31:18 - INFO - Req!!!
28/11/2021, 19:31:19 - INFO - Req!!!
28/11/2021, 19:31:19 - INFO - Req!!!
28/11/2021, 19:31:20 - INFO - Req!!!
28/11/2021, 19:31:20 - INFO - Req!!!
28/11/2021, 19:31:23 - INFO - Req!!!
28/11/2021, 19:31:29 - INFO - Req!!!
28/11/2021, 19:32:22 - INFO - Req!!!
28/11/2021, 19:32:23 - INFO - Req!!!
28/11/2021, 19:32:25 - INFO - Req!!!
28/11/2021, 19:32:26 - INFO - Req!!!
28/11/2021, 19:32:27 - INFO - Req!!!
28/11/2021, 19:32:42 - INFO - Req!!!
28/11/2021, 19:32:46 - INFO - Req!!!
28/11/2021, 19:32:47 - INFO - Req!!!
28/11/2021, 19:32:49 - INFO - Req!!!
28/11/2021, 19:33:32 - INFO - Req!!!
28/11/2021, 19:33:34 - INFO - Req!!!
28/11/2021, 19:33:44 - INFO - Req!!!
28/11/2021, 19:34:20 - INFO - Req!!!
28/11/2021, 19:34:24 - INFO - Req!!!
28/11/2021, 19:34:44 - INFO - Req!!!
28/11/2021, 19:34:45 - INFO - Req!!!
28/11/2021, 19:34:47 - INFO - Req!!!
28/11/2021, 19:34:48 - INFO - Req!!!
28/11/2021, 19:34:49 - INFO - Req!!!
28/11/2021, 19:34:49 - INFO - Req!!!
28/11/2021, 19:34:49 - INFO - Req!!!
28/11/2021, 19:34:50 - INFO - Req!!!
28/11/2021, 19:35:26 - INFO - Req!!!
28/11/2021, 19:35:44 - INFO - Req!!!
28/11/2021, 19:35:46 - INFO - Req!!!
28/11/2021, 19:35:47 - INFO - Req!!!
28/11/2021, 19:35:47 - INFO - Req!!!
28/11/2021, 19:35:47 - INFO - Req!!!
28/11/2021, 19:35:47 - INFO - Req!!!
28/11/2021, 19:35:48 - INFO - Req!!!
28/11/2021, 19:35:50 - INFO - Req!!!
28/11/2021, 19:35:51 - INFO - Req!!!
28/11/2021, 19:35:52 - INFO - Req!!!
28/11/2021, 19:35:54 - INFO - Req!!!
28/11/2021, 19:35:55 - INFO - Req!!!
28/11/2021, 19:35:56 - INFO - Req!!!
28/11/2021, 19:35:56 - INFO - Req!!!
28/11/2021, 19:35:57 - INFO - Req!!!
28/11/2021, 19:35:59 - INFO - Req!!!
28/11/2021, 19:36:01 - INFO - Req!!!
28/11/2021, 19:36:01 - INFO - Req!!!
28/11/2021, 19:36:03 - INFO - Req!!!
28/11/2021, 19:36:19 - INFO - Req!!!
28/11/2021, 19:36:22 - INFO - Req!!!
28/11/2021, 19:36:24 - INFO - Req!!!
28/11/2021, 19:36:25 - INFO - Req!!!
28/11/2021, 19:36:26 - INFO - Req!!!
28/11/2021, 19:36:27 - INFO - Req!!!
28/11/2021, 19:36:28 - INFO - Req!!!
28/11/2021, 19:36:29 - INFO - Req!!!
28/11/2021, 19:36:29 - INFO - Req!!!
28/11/2021, 19:36:29 - INFO - Req!!!
28/11/2021, 19:36:30 - INFO - Req!!!
28/11/2021, 19:36:31 - INFO - Req!!!
28/11/2021, 19:36:32 - INFO - Req!!!
28/11/2021, 19:36:34 - INFO - Req!!!
28/11/2021, 19:36:36 - INFO - Req!!!
28/11/2021, 19:36:37 - INFO - Req!!!
28/11/2021, 19:36:39 - INFO - Req!!!
28/11/2021, 19:37:15 - INFO - Req!!!
28/11/2021, 19:37:16 - INFO - Req!!!
28/11/2021, 19:37:17 - INFO - Req!!!
28/11/2021, 19:38:12 - INFO - Req!!!
28/11/2021, 19:38:15 - INFO - Req!!!
28/11/2021, 19:38:17 - INFO - Req!!!
28/11/2021, 19:38:17 - INFO - Req!!!
28/11/2021, 19:38:17 - INFO - Req!!!
28/11/2021, 19:38:18 - INFO - Req!!!
28/11/2021, 19:38:19 - INFO - Req!!!
28/11/2021, 19:38:21 - INFO - Req!!!
28/11/2021, 19:38:21 - INFO - Req!!!
28/11/2021, 19:38:21 - INFO - Req!!!
28/11/2021, 19:38:22 - INFO - Req!!!
28/11/2021, 19:38:22 - INFO - Req!!!
28/11/2021, 19:38:22 - INFO - Req!!!
28/11/2021, 19:38:22 - INFO - Req!!!
28/11/2021, 19:38:24 - INFO - Req!!!
28/11/2021, 19:38:27 - INFO - Req!!!
28/11/2021, 19:38:28 - INFO - Req!!!
28/11/2021, 19:38:30 - INFO - Req!!!
28/11/2021, 19:38:30 - INFO - Req!!!
28/11/2021, 19:38:31 - INFO - Req!!!
28/11/2021, 19:38:57 - INFO - Req!!!
28/11/2021, 19:39:00 - INFO - Req!!!
28/11/2021, 19:39:01 - INFO - Req!!!
28/11/2021, 19:39:12 - INFO - Req!!!
28/11/2021, 19:40:32 - INFO - Req!!!
28/11/2021, 19:40:38 - INFO - Req!!!
28/11/2021, 19:40:39 - INFO - Req!!!
28/11/2021, 19:40:41 - INFO - Req!!!
28/11/2021, 19:40:42 - INFO - Req!!!
28/11/2021, 19:40:43 - INFO - Req!!!
28/11/2021, 19:40:45 - INFO - Req!!!
28/11/2021, 19:41:02 - INFO - Req!!!
28/11/2021, 19:41:04 - INFO - Req!!!
28/11/2021, 19:41:05 - INFO - Req!!!
28/11/2021, 19:41:06 - INFO - Req!!!
28/11/2021, 19:41:13 - INFO - Req!!!
28/11/2021, 19:41:14 - INFO - Req!!!
28/11/2021, 19:41:30 - INFO - Req!!!
28/11/2021, 19:41:31 - INFO - Req!!!
28/11/2021, 19:41:32 - INFO - Req!!!
28/11/2021, 19:41:33 - INFO - Req!!!
28/11/2021, 19:41:35 - INFO - Req!!!
28/11/2021, 19:41:45 - INFO - Req!!!
28/11/2021, 19:41:50 - INFO - Req!!!
28/11/2021, 19:41:51 - INFO - Req!!!
28/11/2021, 19:41:52 - INFO - Req!!!
28/11/2021, 19:41:54 - INFO - Req!!!
28/11/2021, 19:41:54 - INFO - Req!!!
28/11/2021, 19:41:55 - INFO - Req!!!
28/11/2021, 19:41:56 - INFO - Req!!!
28/11/2021, 19:41:56 - INFO - Req!!!
28/11/2021, 19:41:58 - INFO - Req!!!
28/11/2021, 19:42:23 - INFO - Req!!!
28/11/2021, 19:42:24 - INFO - Req!!!
28/11/2021, 19:42:25 - INFO - Req!!!
28/11/2021, 19:42:26 - INFO - Req!!!
28/11/2021, 19:42:26 - INFO - Req!!!
28/11/2021, 19:42:27 - INFO - Req!!!
28/11/2021, 19:42:27 - INFO - Req!!!
28/11/2021, 19:42:28 - INFO - Req!!!
28/11/2021, 19:42:28 - INFO - Req!!!
28/11/2021, 19:42:29 - INFO - Req!!!
28/11/2021, 19:42:30 - INFO - Req!!!
28/11/2021, 19:43:12 - INFO - Req!!!
28/11/2021, 19:43:27 - INFO - Req!!!
28/11/2021, 19:43:29 - INFO - Req!!!
28/11/2021, 19:43:50 - INFO - Req!!!
28/11/2021, 19:43:53 - INFO - Req!!!
28/11/2021, 19:43:56 - INFO - Req!!!
28/11/2021, 19:44:22 - INFO - Req!!!
28/11/2021, 19:44:24 - INFO - Req!!!
28/11/2021, 19:44:27 - INFO - Req!!!
28/11/2021, 19:44:49 - INFO - Req!!!
28/11/2021, 19:44:50 - INFO - Req!!!
28/11/2021, 19:44:51 - INFO - Req!!!
28/11/2021, 19:44:51 - INFO - Req!!!
28/11/2021, 19:44:52 - INFO - Req!!!
28/11/2021, 19:44:53 - INFO - Req!!!
28/11/2021, 19:44:55 - INFO - Req!!!
28/11/2021, 19:44:56 - INFO - Req!!!
28/11/2021, 19:44:57 - INFO - Req!!!
28/11/2021, 19:44:57 - INFO - Req!!!
28/11/2021, 19:45:31 - INFO - Req!!!
28/11/2021, 19:45:39 - INFO - Req!!!
28/11/2021, 19:45:46 - INFO - Req!!!
28/11/2021, 19:45:47 - INFO - Req!!!
28/11/2021, 19:46:01 - INFO - Req!!!
28/11/2021, 19:46:02 - INFO - Req!!!
28/11/2021, 19:46:03 - INFO - Req!!!
28/11/2021, 19:46:07 - INFO - Req!!!
28/11/2021, 19:46:07 - INFO - Req!!!
28/11/2021, 19:46:08 - INFO - Req!!!
28/11/2021, 19:46:17 - INFO - Req!!!
28/11/2021, 19:46:17 - INFO - Req!!!
28/11/2021, 19:46:18 - INFO - Req!!!
28/11/2021, 19:46:18 - INFO - Req!!!
28/11/2021, 19:46:19 - INFO - Req!!!
28/11/2021, 19:46:20 - INFO - Req!!!
28/11/2021, 19:46:20 - INFO - Req!!!
28/11/2021, 19:46:20 - INFO - Req!!!
28/11/2021, 19:46:21 - INFO - Req!!!
28/11/2021, 19:46:21 - INFO - Req!!!
28/11/2021, 19:46:21 - INFO - Req!!!
28/11/2021, 19:46:21 - INFO - Req!!!
28/11/2021, 19:46:21 - INFO - Req!!!
28/11/2021, 19:46:21 - INFO - Req!!!
28/11/2021, 19:46:22 - INFO - Req!!!
28/11/2021, 19:46:22 - INFO - Req!!!
28/11/2021, 19:46:22 - INFO - Req!!!
28/11/2021, 19:46:22 - INFO - Req!!!
28/11/2021, 19:46:22 - INFO - Req!!!
28/11/2021, 19:46:34 - INFO - Req!!!
28/11/2021, 19:47:57 - INFO - Req!!!
28/11/2021, 19:48:31 - INFO - Req!!!
28/11/2021, 19:48:31 - INFO - Req!!!
28/11/2021, 19:48:33 - INFO - Req!!!
28/11/2021, 19:48:34 - INFO - Req!!!
28/11/2021, 19:48:43 - INFO - Req!!!
28/11/2021, 19:48:44 - INFO - Req!!!
28/11/2021, 19:49:16 - INFO - Req!!!
28/11/2021, 19:49:17 - INFO - Req!!!
28/11/2021, 19:49:38 - INFO - Req!!!
28/11/2021, 19:49:39 - INFO - Req!!!
28/11/2021, 19:49:40 - INFO - Req!!!
28/11/2021, 19:49:40 - INFO - Req!!!
28/11/2021, 19:49:40 - INFO - Req!!!
28/11/2021, 19:49:40 - INFO - Req!!!
28/11/2021, 19:49:40 - INFO - Req!!!
28/11/2021, 19:49:41 - INFO - Req!!!
28/11/2021, 19:49:41 - INFO - Req!!!
28/11/2021, 19:49:41 - INFO - Req!!!
28/11/2021, 19:49:41 - INFO - Req!!!
28/11/2021, 19:49:41 - INFO - Req!!!
28/11/2021, 19:49:42 - INFO - Req!!!
28/11/2021, 19:49:42 - INFO - Req!!!
28/11/2021, 19:49:42 - INFO - Req!!!
28/11/2021, 19:49:43 - INFO - Req!!!
28/11/2021, 19:49:43 - INFO - Req!!!
28/11/2021, 19:49:43 - INFO - Req!!!
28/11/2021, 19:49:43 - INFO - Req!!!
28/11/2021, 19:49:43 - INFO - Req!!!
28/11/2021, 19:49:43 - INFO - Req!!!
28/11/2021, 19:49:44 - INFO - Req!!!
28/11/2021, 19:49:45 - INFO - Req!!!
28/11/2021, 19:49:46 - INFO - Req!!!
28/11/2021, 22:37:36 - INFO - Req!!!
28/11/2021, 22:44:19 - INFO - Req!!!
28/11/2021, 22:44:46 - INFO - Req!!!
28/11/2021, 22:44:49 - INFO - Req!!!
28/11/2021, 22:45:27 - INFO - Req!!!
28/11/2021, 22:46:20 - INFO - Req!!!
28/11/2021, 22:46:31 - INFO - Req!!!
28/11/2021, 22:50:57 - INFO - Req!!!
28/11/2021, 22:52:49 - DEBUG - auth.service - login with username: a
28/11/2021, 22:52:49 - INFO - Req!!!
28/11/2021, 22:52:49 - INFO - Req from: ab
28/11/2021, 22:57:58 - INFO - Req!!!
28/11/2021, 22:57:58 - INFO - Req from: ab
28/11/2021, 23:00:50 - INFO - Req!!!
28/11/2021, 23:00:50 - INFO - Req from: ab
28/11/2021, 23:03:10 - INFO - Req!!!
28/11/2021, 23:03:10 - INFO - Req from: ab
28/11/2021, 23:04:08 - INFO - Req!!!
28/11/2021, 23:04:08 - INFO - Req from: ab
28/11/2021, 23:04:59 - INFO - Req!!!
28/11/2021, 23:04:59 - INFO - Req from: ab
28/11/2021, 23:06:11 - INFO - Req!!!
28/11/2021, 23:06:11 - INFO - Req from: ab
28/11/2021, 23:06:11 - INFO - Req!!!
28/11/2021, 23:06:11 - INFO - Req from: ab
28/11/2021, 23:06:12 - INFO - Req!!!
28/11/2021, 23:06:12 - INFO - Req from: ab
28/11/2021, 23:06:12 - INFO - Req!!!
28/11/2021, 23:06:12 - INFO - Req from: ab
28/11/2021, 23:06:12 - INFO - Req!!!
28/11/2021, 23:06:12 - INFO - Req from: ab
28/11/2021, 23:06:13 - INFO - Req!!!
28/11/2021, 23:06:13 - INFO - Req from: ab
28/11/2021, 23:06:15 - INFO - Req!!!
28/11/2021, 23:06:15 - INFO - Req from: ab
28/11/2021, 23:06:15 - INFO - Req!!!
28/11/2021, 23:06:15 - INFO - Req from: ab
28/11/2021, 23:06:16 - INFO - Req!!!
28/11/2021, 23:06:16 - INFO - Req from: ab
28/11/2021, 23:06:36 - INFO - Req!!!
28/11/2021, 23:06:36 - INFO - Req from: ab
28/11/2021, 23:06:37 - INFO - Req!!!
28/11/2021, 23:06:37 - INFO - Req from: ab
28/11/2021, 23:06:38 - INFO - Req!!!
28/11/2021, 23:06:38 - INFO - Req from: ab
28/11/2021, 23:06:41 - INFO - Req!!!
28/11/2021, 23:06:41 - INFO - Req from: ab
28/11/2021, 23:06:42 - INFO - Req!!!
28/11/2021, 23:06:42 - INFO - Req from: ab
28/11/2021, 23:06:43 - INFO - Req!!!
28/11/2021, 23:06:43 - INFO - Req from: ab
28/11/2021, 23:06:43 - INFO - Req!!!
28/11/2021, 23:06:43 - INFO - Req from: ab
28/11/2021, 23:06:43 - INFO - Req!!!
28/11/2021, 23:06:43 - INFO - Req from: ab
28/11/2021, 23:06:44 - INFO - Req!!!
28/11/2021, 23:06:44 - INFO - Req from: ab
28/11/2021, 23:06:44 - INFO - Req!!!
28/11/2021, 23:06:44 - INFO - Req from: ab
28/11/2021, 23:06:45 - INFO - Req!!!
28/11/2021, 23:06:45 - INFO - Req from: ab
28/11/2021, 23:06:45 - INFO - Req!!!
28/11/2021, 23:06:45 - INFO - Req from: ab
28/11/2021, 23:06:45 - INFO - Req!!!
28/11/2021, 23:06:45 - INFO - Req from: ab
28/11/2021, 23:06:46 - INFO - Req!!!
28/11/2021, 23:06:46 - INFO - Req from: ab
28/11/2021, 23:06:46 - INFO - Req!!!
28/11/2021, 23:06:46 - INFO - Req from: ab
28/11/2021, 23:06:47 - INFO - Req!!!
28/11/2021, 23:06:47 - INFO - Req from: ab
28/11/2021, 23:06:47 - INFO - Req!!!
28/11/2021, 23:06:47 - INFO - Req from: ab
28/11/2021, 23:07:13 - INFO - Req!!!
28/11/2021, 23:07:13 - INFO - Req from: ab
28/11/2021, 23:07:14 - INFO - Req!!!
28/11/2021, 23:07:14 - INFO - Req from: ab
28/11/2021, 23:07:18 - INFO - Req!!!
28/11/2021, 23:07:18 - INFO - Req from: ab
28/11/2021, 23:07:31 - INFO - Req!!!
28/11/2021, 23:07:31 - INFO - Req from: ab
28/11/2021, 23:07:33 - INFO - Req!!!
28/11/2021, 23:07:33 - INFO - Req from: ab
28/11/2021, 23:07:35 - INFO - Req!!!
28/11/2021, 23:07:35 - INFO - Req from: ab
28/11/2021, 23:07:36 - INFO - Req!!!
28/11/2021, 23:07:36 - INFO - Req from: ab
28/11/2021, 23:07:37 - INFO - Req!!!
28/11/2021, 23:07:37 - INFO - Req from: ab
28/11/2021, 23:07:38 - INFO - Req!!!
28/11/2021, 23:07:38 - INFO - Req from: ab
28/11/2021, 23:07:39 - INFO - Req!!!
28/11/2021, 23:07:39 - INFO - Req from: ab
28/11/2021, 23:07:44 - DEBUG - auth.service - login with username: a
28/11/2021, 23:07:44 - INFO - Req!!!
28/11/2021, 23:07:44 - INFO - Req from: ab
28/11/2021, 23:07:52 - INFO - Req!!!
28/11/2021, 23:07:52 - INFO - Req from: ab
28/11/2021, 23:08:32 - INFO - Req!!!
28/11/2021, 23:08:32 - INFO - Req from: ab
28/11/2021, 23:08:40 - INFO - Req!!!
28/11/2021, 23:08:40 - INFO - Req from: ab
28/11/2021, 23:08:42 - INFO - Req!!!
28/11/2021, 23:08:42 - INFO - Req from: ab
28/11/2021, 23:08:44 - INFO - Req!!!
28/11/2021, 23:08:44 - INFO - Req from: ab
28/11/2021, 23:08:48 - DEBUG - auth.service - login with username: a
28/11/2021, 23:08:48 - INFO - Req!!!
28/11/2021, 23:08:48 - INFO - Req from: ab
28/11/2021, 23:09:01 - INFO - Req!!!
28/11/2021, 23:09:19 - INFO - Req!!!
28/11/2021, 23:10:16 - INFO - Req!!!
28/11/2021, 23:14:14 - INFO - Req!!!
28/11/2021, 23:14:16 - INFO - Req!!!
28/11/2021, 23:15:02 - DEBUG - auth.service - login with username: a
28/11/2021, 23:15:02 - INFO - Req!!!
28/11/2021, 23:15:02 - INFO - Req from: ab
28/11/2021, 23:15:06 - INFO - Req!!!
28/11/2021, 23:15:06 - INFO - Req from: ab
28/11/2021, 23:15:06 - INFO - Req!!!
28/11/2021, 23:15:06 - INFO - Req from: ab
28/11/2021, 23:15:07 - INFO - Req!!!
28/11/2021, 23:15:07 - INFO - Req from: ab
28/11/2021, 23:15:07 - INFO - Req!!!
28/11/2021, 23:15:07 - INFO - Req from: ab
